[db] Using PGlite embedded PostgreSQL (local dev mode)
9:17:03 AM [express] WARNING: DATABASE_URL not set - using in-memory sessions (will not persist across restarts)
[initDb] Initializing database schema...
[initDb] All tables created successfully
[initDb] Ensuring default admin user exists...
[initDb] Admin user created/updated (username: admin, password: admin123)
[initDb] Database initialization complete
9:17:04 AM [express] serving on port 5000
Browserslist: browsers data (caniuse-lite) is 18 months old. Please run:
  npx update-browserslist-db@latest
  Why you should do it regularly: https://github.com/browserslist/update-db#readme

A PostCSS plugin did not pass the `from` option to `postcss.parse`. This may cause imported assets to be incorrectly transformed. If you've recently added a PostCSS plugin that raised this warning, please contact the package author to fix the issue.
9:17:22 AM [express] GET /api/auth/me 200 in 4ms :: {"user":null}
9:19:51 AM [express] POST /api/auth/login 200 in 137ms :: {"success":true,"user":{"id":"d069edbd-1ca…
9:19:54 AM [express] GET /api/companies 200 in 10ms :: [{"id":"15259c39-84f4-4ddd-ae3d-249972ef442f"…
9:19:54 AM [express] GET /api/tasks 200 in 12ms :: [{"id":"7ed56fdf-694e-4f27-9531-acc20bcae675","co…
9:19:54 AM [express] GET /api/companies/last-sync 200 in 7ms :: {"timestamp":null}
9:19:54 AM [express] GET /api/deletion-requests/pending 200 in 7ms :: []
9:19:54 AM [express] GET /api/companies/last-sync 304 in 4ms :: {"timestamp":null}
[Task Generation] ========== START ==========
[Task Generation] Found 1 total companies
[Task Generation] Active companies with renewal dates: 1
[Task Generation] ----
[Task Generation] Processing: Test Company Ltd
[Task Generation] - Renewal Date: 2027-01-15
[Task Generation] - Renewal Fees: 0
[Task Generation] - Task definitions generated: 4
[Task Generation] - Task types: cs, prep-accounts, submit-accounts, hmrc
[Task Generation] - Insert tasks prepared: 4
[Task Generation] - ○ Already exists: File Confirmation Statement (Companies House)
[Task Generation] - ○ Already exists: Prepare annual accounts
[Task Generation] - ○ Already exists: Submit annual accounts to Companies House
[Task Generation] - ○ Already exists: HMRC notification / follow-up
[Task Generation] ========== COMPLETE ==========
[Task Generation] New tasks created: 0
[Task Generation] Existing tasks skipped: 4
[Task Generation] ===================================
[Task Generation] Saved last generation timestamp: 2026-04-19T08:19:54.193Z
9:19:54 AM [express] POST /api/tasks/generate 200 in 107ms :: {"success":true,"message":"Generated 0…
9:19:54 AM [express] GET /api/tasks/last-generation 200 in 3ms :: {"timestamp":"2026-04-19T08:19:54.…
[2m09:28:10[22m [36m[1m[vite][22m[39m [32mhmr update [39m[2m/src/components/add-company.tsx, /src/index.css?v=EyXNN1xSRl87B3hrwYa5Y[22m
10:19:55 AM [express] GET /api/companies/last-sync 304 in 17ms :: {"timestamp":null}
10:19:55 AM [express] GET /api/tasks/last-generation 304 in 4ms :: {"timestamp":"2026-04-19T08:19:54.…
11:00:27 AM [express] POST /api/auth/login 200 in 151ms :: {"success":true,"user":{"id":"d069edbd-1ca…
11:06:05 AM [express] POST /api/auth/login 200 in 85ms :: {"success":true,"user":{"id":"d069edbd-1caf…
11:06:08 AM [express] POST /api/auth/login 200 in 105ms :: {"success":true,"user":{"id":"d069edbd-1ca…
11:19:55 AM [express] GET /api/companies/last-sync 304 in 8ms :: {"timestamp":null}
11:19:55 AM [express] GET /api/tasks/last-generation 304 in 3ms :: {"timestamp":"2026-04-19T08:19:54.…
